<?xml version="1.0" encoding="UTF-8"?>
<!-- Generated by org.testng.reporters.JUnitXMLReporter -->
<testsuite ignored="22" hostname="DESKTOP-4TSAB67" failures="0" tests="3" name="Test_Regression" time="67.097" errors="0" timestamp="2022-10-11T18:12:17 EEST">
  <testcase classname="com.javaautomation.testcases.OrderPageTest" name="verifyTotalPriceTest" time="9.176"/>
  <testcase classname="com.javaautomation.testcases.ProductPageTest" name="addToCartTest" time="8.029"/>
  <testcase classname="com.javaautomation.testcases.BuyProductTest" name="endToEndBuyProductTest" time="27.974"/>
  <testcase classname="com.javaautomation.base.BaseDriver" name="@AfterSuite afterSuite" time="0.0">
    <ignored/>
  </testcase> <!-- @AfterSuite afterSuite -->
  <testcase classname="com.javaautomation.base.BaseDriver" name="@BeforeSuite loadConfig" time="0.0">
    <ignored/>
  </testcase> <!-- @BeforeSuite loadConfig -->
  <testcase classname="com.javaautomation.testcases.LoginPageTest" name="loginTest" time="0.0">
    <ignored/>
  </testcase> <!-- loginTest -->
  <testcase classname="com.javaautomation.base.BaseDriver" name="@BeforeSuite loadConfig" time="0.0">
    <ignored/>
  </testcase> <!-- @BeforeSuite loadConfig -->
  <testcase classname="com.javaautomation.testcases.MainPageTest" name="verifyLogoTest" time="0.0">
    <ignored/>
  </testcase> <!-- verifyLogoTest -->
  <testcase classname="com.javaautomation.base.BaseDriver" name="@AfterSuite afterSuite" time="0.0">
    <ignored/>
  </testcase> <!-- @AfterSuite afterSuite -->
  <testcase classname="com.javaautomation.testcases.MainPageTest" name="verifyTitleTest" time="0.0">
    <ignored/>
  </testcase> <!-- verifyTitleTest -->
  <testcase classname="com.javaautomation.base.BaseDriver" name="@BeforeSuite loadConfig" time="0.0">
    <ignored/>
  </testcase> <!-- @BeforeSuite loadConfig -->
  <testcase classname="com.javaautomation.base.BaseDriver" name="@AfterSuite afterSuite" time="0.0">
    <ignored/>
  </testcase> <!-- @AfterSuite afterSuite -->
  <testcase classname="com.javaautomation.base.BaseDriver" name="@BeforeSuite loadConfig" time="0.0">
    <ignored/>
  </testcase> <!-- @BeforeSuite loadConfig -->
  <testcase classname="com.javaautomation.testcases.CreateAccountPageTest" name="createNewAccountTest" time="0.0">
    <ignored/>
  </testcase> <!-- createNewAccountTest -->
  <testcase classname="com.javaautomation.base.BaseDriver" name="@BeforeSuite loadConfig" time="0.0">
    <ignored/>
  </testcase> <!-- @BeforeSuite loadConfig -->
  <testcase classname="com.javaautomation.base.BaseDriver" name="@AfterSuite afterSuite" time="0.0">
    <ignored/>
  </testcase> <!-- @AfterSuite afterSuite -->
  <testcase classname="com.javaautomation.base.BaseDriver" name="@BeforeSuite loadConfig" time="0.0">
    <ignored/>
  </testcase> <!-- @BeforeSuite loadConfig -->
  <testcase classname="com.javaautomation.testcases.MyAccountPageTest" name="orderHistoryDetailsTest" time="0.0">
    <ignored/>
  </testcase> <!-- orderHistoryDetailsTest -->
  <testcase classname="com.javaautomation.base.BaseDriver" name="@AfterSuite afterSuite" time="0.0">
    <ignored/>
  </testcase> <!-- @AfterSuite afterSuite -->
  <testcase classname="com.javaautomation.testcases.CreateAccountPageTest" name="verifyCreateAccountPageTest" time="0.0">
    <ignored/>
  </testcase> <!-- verifyCreateAccountPageTest -->
  <testcase classname="com.javaautomation.testcases.MyAccountPageTest" name="myVishlistTest" time="0.0">
    <ignored/>
  </testcase> <!-- myVishlistTest -->
  <testcase classname="com.javaautomation.base.BaseDriver" name="@AfterSuite afterSuite" time="0.0">
    <ignored/>
  </testcase> <!-- @AfterSuite afterSuite -->
  <testcase classname="com.javaautomation.testcases.SearchResultPageTest" name="varifySearchProductTest" time="0.0">
    <ignored/>
  </testcase> <!-- varifySearchProductTest -->
  <testcase classname="com.javaautomation.base.BaseDriver" name="@BeforeSuite loadConfig" time="0.0">
    <ignored/>
  </testcase> <!-- @BeforeSuite loadConfig -->
  <testcase classname="com.javaautomation.base.BaseDriver" name="@AfterSuite afterSuite" time="0.0">
    <ignored/>
  </testcase> <!-- @AfterSuite afterSuite -->
</testsuite> <!-- Test_Regression -->
