<?xml version="1.0" encoding="UTF-8"?>
<testng-results ignored="22" total="25" passed="3" failed="0" skipped="0">
  <reporter-output>
  </reporter-output>
  <suite started-at="2022-10-11T18:11:10 EEST" name="Suite" finished-at="2022-10-11T18:12:17 EEST" duration-ms="67097">
    <groups>
      <group name="Sanity">
        <method signature="ProductPageTest.addToCartTest(java.lang.String,java.lang.String,java.lang.String)[pri:0, instance:com.javaautomation.testcases.ProductPageTest@7eac9008]" name="addToCartTest" class="com.javaautomation.testcases.ProductPageTest"/>
      </group> <!-- Sanity -->
      <group name="Regression">
        <method signature="BuyProductTest.endToEndBuyProductTest(java.lang.String,java.lang.String,java.lang.String)[pri:0, instance:com.javaautomation.testcases.BuyProductTest@6ed3ccb2]" name="endToEndBuyProductTest" class="com.javaautomation.testcases.BuyProductTest"/>
        <method signature="OrderPageTest.verifyTotalPriceTest(java.lang.String,java.lang.String,java.lang.String)[pri:0, instance:com.javaautomation.testcases.OrderPageTest@1fa121e2]" name="verifyTotalPriceTest" class="com.javaautomation.testcases.OrderPageTest"/>
        <method signature="ProductPageTest.addToCartTest(java.lang.String,java.lang.String,java.lang.String)[pri:0, instance:com.javaautomation.testcases.ProductPageTest@7eac9008]" name="addToCartTest" class="com.javaautomation.testcases.ProductPageTest"/>
      </group> <!-- Regression -->
    </groups>
    <test started-at="2022-10-11T18:11:10 EEST" name="Test_Regression" finished-at="2022-10-11T18:12:17 EEST" duration-ms="67097">
      <class name="com.javaautomation.testcases.MainPageTest">
        <test-method is-config="true" signature="loadConfig()[pri:0, instance:com.javaautomation.testcases.MainPageTest@233795b6]" started-at="2022-10-11T18:11:08 EEST" name="loadConfig" finished-at="2022-10-11T18:11:10 EEST" duration-ms="1981" status="PASS">
          <reporter-output>
          </reporter-output>
        </test-method> <!-- loadConfig -->
        <test-method is-config="true" signature="afterSuite()[pri:0, instance:com.javaautomation.testcases.MainPageTest@233795b6]" started-at="2022-10-11T18:12:17 EEST" name="afterSuite" finished-at="2022-10-11T18:12:18 EEST" duration-ms="831" status="PASS">
          <reporter-output>
          </reporter-output>
        </test-method> <!-- afterSuite -->
      </class> <!-- com.javaautomation.testcases.MainPageTest -->
      <class name="com.javaautomation.testcases.OrderPageTest">
        <test-method is-config="true" signature="setup(java.lang.String)[pri:0, instance:com.javaautomation.testcases.OrderPageTest@1fa121e2]" started-at="2022-10-11T18:11:11 EEST" name="setup" finished-at="2022-10-11T18:11:20 EEST" duration-ms="8639" status="PASS">
          <params>
            <param index="0">
              <value>
                <![CDATA[Chrome]]>
              </value>
            </param>
          </params>
          <reporter-output>
          </reporter-output>
        </test-method> <!-- setup -->
        <test-method signature="verifyTotalPriceTest(java.lang.String,java.lang.String,java.lang.String)[pri:0, instance:com.javaautomation.testcases.OrderPageTest@1fa121e2]" started-at="2022-10-11T18:11:20 EEST" name="verifyTotalPriceTest" data-provider="getProduct" finished-at="2022-10-11T18:11:29 EEST" duration-ms="9176" status="PASS">
          <params>
            <param index="0">
              <value>
                <![CDATA[t-shirt]]>
              </value>
            </param>
            <param index="1">
              <value>
                <![CDATA[2]]>
              </value>
            </param>
            <param index="2">
              <value>
                <![CDATA[M]]>
              </value>
            </param>
          </params>
          <reporter-output>
          </reporter-output>
        </test-method> <!-- verifyTotalPriceTest -->
        <test-method is-config="true" signature="tearDown()[pri:0, instance:com.javaautomation.testcases.OrderPageTest@1fa121e2]" started-at="2022-10-11T18:11:29 EEST" name="tearDown" finished-at="2022-10-11T18:11:30 EEST" duration-ms="518" status="PASS">
          <reporter-output>
          </reporter-output>
        </test-method> <!-- tearDown -->
      </class> <!-- com.javaautomation.testcases.OrderPageTest -->
      <class name="com.javaautomation.testcases.ProductPageTest">
        <test-method is-config="true" signature="setup(java.lang.String)[pri:0, instance:com.javaautomation.testcases.ProductPageTest@7eac9008]" started-at="2022-10-11T18:11:30 EEST" name="setup" finished-at="2022-10-11T18:11:35 EEST" duration-ms="4905" status="PASS">
          <params>
            <param index="0">
              <value>
                <![CDATA[Chrome]]>
              </value>
            </param>
          </params>
          <reporter-output>
          </reporter-output>
        </test-method> <!-- setup -->
        <test-method signature="addToCartTest(java.lang.String,java.lang.String,java.lang.String)[pri:0, instance:com.javaautomation.testcases.ProductPageTest@7eac9008]" started-at="2022-10-11T18:11:35 EEST" name="addToCartTest" data-provider="getProduct" finished-at="2022-10-11T18:11:43 EEST" duration-ms="8029" status="PASS">
          <params>
            <param index="0">
              <value>
                <![CDATA[t-shirt]]>
              </value>
            </param>
            <param index="1">
              <value>
                <![CDATA[2]]>
              </value>
            </param>
            <param index="2">
              <value>
                <![CDATA[M]]>
              </value>
            </param>
          </params>
          <reporter-output>
          </reporter-output>
        </test-method> <!-- addToCartTest -->
        <test-method is-config="true" signature="tearDown()[pri:0, instance:com.javaautomation.testcases.ProductPageTest@7eac9008]" started-at="2022-10-11T18:11:43 EEST" name="tearDown" finished-at="2022-10-11T18:11:43 EEST" duration-ms="497" status="PASS">
          <reporter-output>
          </reporter-output>
        </test-method> <!-- tearDown -->
      </class> <!-- com.javaautomation.testcases.ProductPageTest -->
      <class name="com.javaautomation.testcases.BuyProductTest">
        <test-method is-config="true" signature="setup(java.lang.String)[pri:0, instance:com.javaautomation.testcases.BuyProductTest@6ed3ccb2]" started-at="2022-10-11T18:11:43 EEST" name="setup" finished-at="2022-10-11T18:11:48 EEST" duration-ms="5090" status="PASS">
          <params>
            <param index="0">
              <value>
                <![CDATA[Chrome]]>
              </value>
            </param>
          </params>
          <reporter-output>
          </reporter-output>
        </test-method> <!-- setup -->
        <test-method signature="endToEndBuyProductTest(java.lang.String,java.lang.String,java.lang.String)[pri:0, instance:com.javaautomation.testcases.BuyProductTest@6ed3ccb2]" started-at="2022-10-11T18:11:48 EEST" name="endToEndBuyProductTest" data-provider="getProduct" finished-at="2022-10-11T18:12:16 EEST" duration-ms="27974" status="PASS">
          <params>
            <param index="0">
              <value>
                <![CDATA[t-shirt]]>
              </value>
            </param>
            <param index="1">
              <value>
                <![CDATA[2]]>
              </value>
            </param>
            <param index="2">
              <value>
                <![CDATA[M]]>
              </value>
            </param>
          </params>
          <reporter-output>
          </reporter-output>
        </test-method> <!-- endToEndBuyProductTest -->
        <test-method is-config="true" signature="tearDown()[pri:0, instance:com.javaautomation.testcases.BuyProductTest@6ed3ccb2]" started-at="2022-10-11T18:12:16 EEST" name="tearDown" finished-at="2022-10-11T18:12:17 EEST" duration-ms="506" status="PASS">
          <reporter-output>
          </reporter-output>
        </test-method> <!-- tearDown -->
      </class> <!-- com.javaautomation.testcases.BuyProductTest -->
    </test> <!-- Test_Regression -->
  </suite> <!-- Suite -->
</testng-results>
